<?xml version="1.0" encoding="UTF-8"?>
<!-- Generated by org.testng.reporters.JUnitReportReporter -->
<testsuite hostname="Prasanth" failures="0" tests="2" name="Practice.Browser" time="32.590" errors="0" timestamp="2024-04-08T20:42:37 IST" skipped="0">
  <testcase classname="Practice.Browser" name="Browser" time="16.303"/>
  <testcase classname="Practice.Browser" name="Browser" time="16.287"/>
</testsuite> <!-- Practice.Browser -->
