<?xml version="1.0" encoding="UTF-8"?>
<!-- Generated by org.testng.reporters.JUnitReportReporter -->
<testsuite hostname="Prasanth" failures="0" tests="3" name="FRameWork.TestNGFrameWork" time="0.035" errors="0" timestamp="2024-03-27T14:43:54 IST" skipped="0">
  <testcase classname="FRameWork.TestNGFrameWork" name="modifyContact" time="0.004"/>
  <testcase classname="FRameWork.TestNGFrameWork" name="DeleteContact" time="0.007"/>
  <testcase classname="FRameWork.TestNGFrameWork" name="CreateContact" time="0.024"/>
</testsuite> <!-- FRameWork.TestNGFrameWork -->
