<?xml version="1.0" encoding="UTF-8"?>
<!-- Generated by org.testng.reporters.JUnitReportReporter -->
<testsuite hostname="Prasanth" failures="0" tests="1" name="Practice.Ebay" time="7.868" errors="0" timestamp="2024-04-29T20:41:30 IST" skipped="0">
  <testcase classname="Practice.Ebay" name="mouseActions" time="7.868"/>
</testsuite> <!-- Practice.Ebay -->
