<?xml version="1.0" encoding="UTF-8"?>
<!-- Generated by org.testng.reporters.JUnitReportReporter -->
<testsuite hostname="Prasanth" failures="0" tests="1" name="Practice.HandlingDropdownUsingSelectClass" time="7.250" errors="0" timestamp="2024-04-17T20:49:59 IST" skipped="0">
  <testcase classname="Practice.HandlingDropdownUsingSelectClass" name="HandlingDropdownUsingSelectClass" time="7.250"/>
</testsuite> <!-- Practice.HandlingDropdownUsingSelectClass -->
