<?xml version="1.0" encoding="UTF-8"?>
<!-- Generated by org.testng.reporters.JUnitReportReporter -->
<testsuite hostname="Prasanth" failures="0" tests="1" name="Practice.BigBasket" time="17.416" errors="0" timestamp="2024-04-22T19:26:00 IST" skipped="0">
  <testcase classname="Practice.BigBasket" name="bigBasket" time="17.416"/>
</testsuite> <!-- Practice.BigBasket -->
